<?xml version="1.0" encoding="UTF-8"?>
<!-- Generated by org.testng.reporters.JUnitReportReporter -->
<testsuite hostname="mmiguez" failures="0" tests="1" name="com.solvd.test.testclass" time="0.002" errors="0" timestamp="2025-02-26T01:02:37 GMT-03:00" skipped="0">
  <testcase classname="com.solvd.test.testclass" name="sampleTest" time="0.002"/>
  <system-out/>
</testsuite> <!-- com.solvd.test.testclass -->
